<?xml version="1.0" encoding="UTF-8"?>
<!-- Generated by org.testng.reporters.JUnitXMLReporter -->
<testsuite ignored="0" hostname="L76003" failures="0" tests="3" name="Default test" time="6.336" errors="0" timestamp="2022-01-22T18:05:59 IST">
  <testcase classname="pk.test.Countries" name="T01_getDefaultCountries" time="2.459"/>
  <testcase classname="pk.test.Countries" name="T02_retrieveacountry" time="1.047"/>
  <testcase classname="pk.test.Countries" name="T03_listallcountries" time="2.311"/>
</testsuite> <!-- Default test -->
