<?xml version="1.0" encoding="UTF-8"?>
<testng-results ignored="0" total="3" passed="3" failed="0" skipped="0">
  <reporter-output>
  </reporter-output>
  <suite started-at="2022-01-22T18:05:53 IST" name="Default suite" finished-at="2022-01-22T18:05:59 IST" duration-ms="6336">
    <groups>
    </groups>
    <test started-at="2022-01-22T18:05:53 IST" name="Default test" finished-at="2022-01-22T18:05:59 IST" duration-ms="6336">
      <class name="pk.test.Countries">
        <test-method is-config="true" signature="setup()[pri:0, instance:pk.test.Countries@28eaa59a]" started-at="2022-01-22T18:05:53 IST" name="setup" finished-at="2022-01-22T18:05:53 IST" duration-ms="493" status="PASS">
          <reporter-output>
          </reporter-output>
        </test-method> <!-- setup -->
        <test-method signature="T01_getDefaultCountries()[pri:0, instance:pk.test.Countries@28eaa59a]" started-at="2022-01-22T18:05:53 IST" name="T01_getDefaultCountries" finished-at="2022-01-22T18:05:56 IST" duration-ms="2459" status="PASS">
          <reporter-output>
          </reporter-output>
        </test-method> <!-- T01_getDefaultCountries -->
        <test-method signature="T02_retrieveacountry()[pri:0, instance:pk.test.Countries@28eaa59a]" started-at="2022-01-22T18:05:56 IST" name="T02_retrieveacountry" finished-at="2022-01-22T18:05:57 IST" duration-ms="1047" status="PASS">
          <reporter-output>
          </reporter-output>
        </test-method> <!-- T02_retrieveacountry -->
        <test-method signature="T03_listallcountries()[pri:0, instance:pk.test.Countries@28eaa59a]" started-at="2022-01-22T18:05:57 IST" name="T03_listallcountries" finished-at="2022-01-22T18:05:59 IST" duration-ms="2311" status="PASS">
          <reporter-output>
          </reporter-output>
        </test-method> <!-- T03_listallcountries -->
        <test-method is-config="true" signature="afterTest()[pri:0, instance:pk.test.Countries@28eaa59a]" started-at="2022-01-22T18:05:59 IST" name="afterTest" finished-at="2022-01-22T18:05:59 IST" duration-ms="1" status="PASS">
          <reporter-output>
          </reporter-output>
        </test-method> <!-- afterTest -->
      </class> <!-- pk.test.Countries -->
    </test> <!-- Default test -->
  </suite> <!-- Default suite -->
</testng-results>
